<?xml version="1.0" encoding="UTF-8"?>
<!-- Generated by org.testng.reporters.JUnitReportReporter -->
<testsuite hostname="User-PC" name="com.fool.deletepost.PostDelete" tests="1" failures="0" timestamp="28 Apr 2014 06:52:11 GMT" time="36.522" errors="0">
  <testcase name="deleteCreatedPost" time="36.522" classname="com.fool.deletepost.PostDelete"/>
</testsuite> <!-- com.fool.deletepost.PostDelete -->
