<?xml version="1.0" encoding="UTF-8"?>
<!-- Generated by org.testng.reporters.JUnitReportReporter -->
<testsuite hostname="globalqa01" name="com.fool.sg.deletepost.DeletePost" tests="1" failures="0" timestamp="22 Feb 2017 12:35:04 GMT" time="44.924" errors="0">
  <testcase name="deleteCreatedPost" time="44.924" classname="com.fool.sg.deletepost.DeletePost"/>
</testsuite> <!-- com.fool.sg.deletepost.DeletePost -->
