<?xml version="1.0" encoding="UTF-8"?>
<!-- Generated by org.testng.reporters.JUnitReportReporter -->
<testsuite hostname="globalqa01" name="com.fool.au.order.Createorder" tests="1" failures="0" timestamp="22 Feb 2017 12:35:04 GMT" time="158.624" errors="0">
  <testcase name="auordercreate" time="158.624" classname="com.fool.au.order.Createorder"/>
</testsuite> <!-- com.fool.au.order.Createorder -->
