<?xml version="1.0" encoding="UTF-8"?>
<!-- Generated by org.testng.reporters.JUnitReportReporter -->
<testsuite hostname="User-PC" name="com.fool.ecap.EmailCapAustralia" tests="1" failures="0" timestamp="28 Apr 2014 08:34:28 GMT" time="52.467" errors="0">
  <testcase name="emailCapAUHeadlines" time="52.467" classname="com.fool.ecap.EmailCapAustralia"/>
</testsuite> <!-- com.fool.ecap.EmailCapAustralia -->
