<?xml version="1.0" encoding="UTF-8"?>
<!-- Generated by org.testng.reporters.JUnitReportReporter -->
<testsuite hostname="globalqa01" name="com.fool.us.evlstks.EVLFilterchrome" tests="4" failures="0" timestamp="14 Aug 2016 08:43:03 GMT" time="129.213" errors="0">
  <testcase name="Volatilityfilter" time="29.767" classname="com.fool.us.evlstks.EVLFilterchrome"/>
  <testcase name="AssetClassfilter" time="58.192" classname="com.fool.us.evlstks.EVLFilterchrome"/>
  <testcase name="AddSectorfilter" time="20.827" classname="com.fool.us.evlstks.EVLFilterchrome"/>
  <testcase name="RemoveSectorfilter" time="20.427" classname="com.fool.us.evlstks.EVLFilterchrome"/>
</testsuite> <!-- com.fool.us.evlstks.EVLFilterchrome -->
