<?xml version="1.0" encoding="UTF-8"?>
<!-- Generated by org.testng.reporters.JUnitReportReporter -->
<testsuite hostname="globalqa01" name="com.fool.ca.order.Createorder" tests="1" failures="0" timestamp="22 Feb 2017 12:35:04 GMT" time="109.473" errors="0">
  <testcase name="CAordercreate" time="109.473" classname="com.fool.ca.order.Createorder"/>
</testsuite> <!-- com.fool.ca.order.Createorder -->
