<?xml version="1.0" encoding="UTF-8"?>
<!-- Generated by org.testng.reporters.JUnitReportReporter -->
<testsuite hostname="globalqa01" name="testng_Pack.Testng_Pack" tests="1" failures="0" timestamp="14 Dec 2014 13:33:05 GMT" time="0.092" errors="0">
  <testcase name="soft_assert_text" time="0.092" classname="testng_Pack.Testng_Pack"/>
</testsuite> <!-- testng_Pack.Testng_Pack -->
