<?xml version="1.0" encoding="UTF-8"?>
<!-- Generated by org.testng.reporters.JUnitReportReporter -->
<testsuite hostname="User-PC" name="com.fool.auhiddengems.HiddenGems" tests="1" failures="0" timestamp="28 Apr 2014 09:17:55 GMT" time="70.228" errors="0">
  <testcase name="hiddenGemsHome" time="70.228" classname="com.fool.auhiddengems.HiddenGems"/>
</testsuite> <!-- com.fool.auhiddengems.HiddenGems -->
