<?xml version="1.0" encoding="UTF-8"?>
<!-- Generated by org.testng.reporters.JUnitReportReporter -->
<testsuite hostname="globalqa01" name="com.fool.us.evlstks.actinvst" tests="1" failures="0" timestamp="24 Aug 2015 13:08:03 GMT" time="70.762" errors="0">
  <testcase name="Verifyheaders" time="70.762" classname="com.fool.us.evlstks.actinvst"/>
</testsuite> <!-- com.fool.us.evlstks.actinvst -->
