<?xml version="1.0" encoding="UTF-8"?>
<!-- Generated by org.testng.reporters.JUnitReportReporter -->
<testsuite hostname="WIN-2A2HCBVNN44" name="com.fool.ca.tagsverification.Tagsverification" tests="1" failures="0" timestamp="7 Aug 2014 07:18:30 GMT" time="24.867" errors="0">
  <testcase name="tagsverifyCa" time="24.867" classname="com.fool.ca.tagsverification.Tagsverification"/>
</testsuite> <!-- com.fool.ca.tagsverification.Tagsverification -->
