<?xml version="1.0" encoding="UTF-8"?>
<!-- Generated by org.testng.reporters.JUnitReportReporter -->
<testsuite hostname="globalqa01" name="com.fool.au.hiddengems.HiddenGems" tests="1" failures="0" timestamp="22 Feb 2017 12:35:04 GMT" time="48.342" errors="0">
  <testcase name="hiddenGemsHome" time="48.342" classname="com.fool.au.hiddengems.HiddenGems"/>
</testsuite> <!-- com.fool.au.hiddengems.HiddenGems -->
