<?xml version="1.0" encoding="UTF-8"?>
<!-- Generated by org.testng.reporters.JUnitReportReporter -->
<testsuite hostname="globalqa01" name="com.fool.au.cardverification.cardverification" tests="1" failures="0" timestamp="22 Sep 2014 11:00:55 GMT" time="46.303" errors="0">
  <testcase name="Successcases" time="46.303" classname="com.fool.au.cardverification.cardverification"/>
</testsuite> <!-- com.fool.au.cardverification.cardverification -->
