<?xml version="1.0" encoding="UTF-8"?>
<!-- Generated by org.testng.reporters.JUnitReportReporter -->
<testsuite hostname="globalqa01" name="com.fool.au.shareadvisor.Shareadvisornew" tests="5" failures="0" timestamp="22 Feb 2017 12:35:04 GMT" time="91.687" errors="0">
  <testcase name="AUShareadvisorHome" time="24.164" classname="com.fool.au.shareadvisor.Shareadvisornew"/>
  <testcase name="AUShareadvisorFRM" time="26.601" classname="com.fool.au.shareadvisor.Shareadvisornew"/>
  <testcase name="AUShareadvisorREC" time="3.357" classname="com.fool.au.shareadvisor.Shareadvisornew"/>
  <testcase name="AUShareadvisorSCR" time="3.289" classname="com.fool.au.shareadvisor.Shareadvisornew"/>
  <testcase name="AUShareadvisorUPD" time="34.276" classname="com.fool.au.shareadvisor.Shareadvisornew"/>
</testsuite> <!-- com.fool.au.shareadvisor.Shareadvisornew -->
