<?xml version="1.0" encoding="UTF-8"?>
<!-- Generated by org.testng.reporters.JUnitReportReporter -->
<testsuite hostname="User-PC" name="com.fool.postMessage.PostMessage" tests="1" failures="0" timestamp="28 Apr 2014 06:30:26 GMT" time="74.439" errors="0">
  <testcase name="messagePost" time="74.439" classname="com.fool.postMessage.PostMessage"/>
</testsuite> <!-- com.fool.postMessage.PostMessage -->
