<?xml version="1.0" encoding="UTF-8"?>
<!-- Generated by org.testng.reporters.JUnitReportReporter -->
<testsuite hostname="globalqa01" name="com.fool.sg.createpost.CreatePost" tests="1" failures="0" timestamp="22 Feb 2017 12:35:04 GMT" time="74.859" errors="0">
  <testcase name="messagePost" time="74.859" classname="com.fool.sg.createpost.CreatePost"/>
</testsuite> <!-- com.fool.sg.createpost.CreatePost -->
