<?xml version="1.0" encoding="UTF-8"?>
<!-- Generated by org.testng.reporters.JUnitReportReporter -->
<testsuite hostname="User-PC" name="com.fool.editpost.EditPost" tests="1" failures="0" timestamp="28 Apr 2014 06:49:36 GMT" time="69.563" errors="0">
  <testcase name="editingPost" time="69.563" classname="com.fool.editpost.EditPost"/>
</testsuite> <!-- com.fool.editpost.EditPost -->
