<?xml version="1.0" encoding="UTF-8"?>
<!-- Generated by org.testng.reporters.JUnitReportReporter -->
<testsuite hostname="globalqa01" name="com.fool.au.pro.AuPro" tests="1" failures="0" timestamp="22 Feb 2017 12:35:04 GMT" time="156.014" errors="0">
  <testcase name="emailAuPro" time="156.014" classname="com.fool.au.pro.AuPro"/>
</testsuite> <!-- com.fool.au.pro.AuPro -->
