<?xml version="1.0" encoding="UTF-8"?>
<!-- Generated by org.testng.reporters.JUnitReportReporter -->
<testsuite hostname="globalqa01" name="com.fool.us.IQScreener.IQScreenerchrome" tests="3" failures="0" timestamp="14 Aug 2016 08:43:03 GMT" time="132.432" errors="0">
  <testcase name="Verifyheaders" time="49.480" classname="com.fool.us.IQScreener.IQScreenerchrome"/>
  <testcase name="Removeheaders" time="44.437" classname="com.fool.us.IQScreener.IQScreenerchrome"/>
  <testcase name="Addheaders" time="38.515" classname="com.fool.us.IQScreener.IQScreenerchrome"/>
</testsuite> <!-- com.fool.us.IQScreener.IQScreenerchrome -->
