<?xml version="1.0" encoding="UTF-8"?>
<!-- Generated by org.testng.reporters.JUnitReportReporter -->
<testsuite hostname="globalqa01" name="com.fool.us.evlstks.Dateverify" tests="3" failures="0" timestamp="14 Aug 2016 08:43:03 GMT" time="83.834" errors="0">
  <testcase name="Yourstocks_verify" time="21.375" classname="com.fool.us.evlstks.Dateverify"/>
  <testcase name="Everlasting_verify" time="39.725" classname="com.fool.us.evlstks.Dateverify"/>
  <testcase name="Mindset_verify" time="22.734" classname="com.fool.us.evlstks.Dateverify"/>
</testsuite> <!-- com.fool.us.evlstks.Dateverify -->
