<?xml version="1.0" encoding="UTF-8"?>
<!-- Generated by org.testng.reporters.JUnitReportReporter -->
<testsuite hostname="globalqa01" name="com.fool.us.IQScreener.IQScreenerFilterchrome" tests="5" failures="0" timestamp="14 Aug 2016 08:43:03 GMT" time="133.772" errors="0">
  <testcase name="AddSectorfilter" time="20.951" classname="com.fool.us.IQScreener.IQScreenerFilterchrome"/>
  <testcase name="RemoveSectorfilter" time="20.527" classname="com.fool.us.IQScreener.IQScreenerFilterchrome"/>
  <testcase name="Convicthighfilter" time="11.870" classname="com.fool.us.IQScreener.IQScreenerFilterchrome"/>
  <testcase name="AssetClassfilter" time="51.708" classname="com.fool.us.IQScreener.IQScreenerFilterchrome"/>
  <testcase name="Volatilityfilter" time="28.716" classname="com.fool.us.IQScreener.IQScreenerFilterchrome"/>
</testsuite> <!-- com.fool.us.IQScreener.IQScreenerFilterchrome -->
