<?xml version="1.0" encoding="UTF-8"?>
<!-- Generated by org.testng.reporters.JUnitReportReporter -->
<testsuite hostname="User-PC" name="com.fool.aushareadvisor.Shareadvisor" tests="2" failures="0" timestamp="28 Apr 2014 09:55:21 GMT" time="77.250" errors="0">
  <testcase name="emailCapAUShareadvisorUpd" time="29.607" classname="com.fool.aushareadvisor.Shareadvisor"/>
  <testcase name="emailCapAUShareadvisor" time="47.643" classname="com.fool.aushareadvisor.Shareadvisor"/>
</testsuite> <!-- com.fool.aushareadvisor.Shareadvisor -->
