<?xml version="1.0" encoding="UTF-8"?>
<!-- Generated by org.testng.reporters.JUnitReportReporter -->
<testsuite hostname="User-PC" name="com.fool.aupro.AuPro" tests="1" failures="0" timestamp="27 Apr 2014 16:18:42 GMT" time="317.468" errors="0">
  <testcase name="emailAuPro" time="317.468" classname="com.fool.aupro.AuPro"/>
</testsuite> <!-- com.fool.aupro.AuPro -->
