<?xml version="1.0" encoding="UTF-8"?>
<!-- Generated by org.testng.reporters.JUnitReportReporter -->
<testsuite hostname="globalqa01" name="com.fool.ca.editpost.EditPost" tests="1" failures="0" timestamp="22 Feb 2017 12:35:04 GMT" time="116.775" errors="0">
  <testcase name="editingCreatedPost" time="116.775" classname="com.fool.ca.editpost.EditPost"/>
</testsuite> <!-- com.fool.ca.editpost.EditPost -->
