<?xml version="1.0" encoding="UTF-8"?>
<!-- Generated by org.testng.reporters.JUnitReportReporter -->
<testsuite hostname="globalqa01" name="com.fool.us.evlstks.Evelststkschrome" tests="3" failures="0" timestamp="14 Aug 2016 08:43:03 GMT" time="187.061" errors="0">
  <testcase name="Verifyheaders" time="66.593" classname="com.fool.us.evlstks.Evelststkschrome"/>
  <testcase name="Addheaders" time="60.296" classname="com.fool.us.evlstks.Evelststkschrome"/>
  <testcase name="Removeheaders" time="60.172" classname="com.fool.us.evlstks.Evelststkschrome"/>
</testsuite> <!-- com.fool.us.evlstks.Evelststkschrome -->
